**************** bmn_run479211_raw Chamber 1 primary equalization *******************************

Chamber #1 preliminary channel offsets (average is 4162.954590)
   strip 0 time shift (left+right)/2 = 0.000000
   strip 1 time shift (left+right)/2 = 54.045410
   strip 2 time shift (left+right)/2 = 0.000000
   strip 3 time shift (left+right)/2 = 0.000000
   strip 4 time shift (left+right)/2 = 10.045410
   strip 5 time shift (left+right)/2 = 42.045410
   strip 6 time shift (left+right)/2 = 60.045410
   strip 7 time shift (left+right)/2 = 18.045410
   strip 8 time shift (left+right)/2 = -7.954590
   strip 9 time shift (left+right)/2 = 10.045410
   strip 10 time shift (left+right)/2 = 0.000000
   strip 11 time shift (left+right)/2 = -37.954590
   strip 12 time shift (left+right)/2 = -39.954590
   strip 13 time shift (left+right)/2 = -43.954590
   strip 14 time shift (left+right)/2 = -13.954590
   strip 15 time shift (left+right)/2 = -35.954590
   strip 16 time shift (left+right)/2 = -37.954590
   strip 17 time shift (left+right)/2 = 0.000000
   strip 18 time shift (left+right)/2 = 6.045410
   strip 19 time shift (left+right)/2 = -23.954590
   strip 20 time shift (left+right)/2 = 0.000000
   strip 21 time shift (left+right)/2 = 0.000000
   strip 22 time shift (left+right)/2 = 9.045410
   strip 23 time shift (left+right)/2 = -29.954590
   strip 24 time shift (left+right)/2 = 0.000000
   strip 25 time shift (left+right)/2 = 12.045410
   strip 26 time shift (left+right)/2 = 0.000000
   strip 27 time shift (left+right)/2 = 0.000000
   strip 28 time shift (left+right)/2 = -9.954590
   strip 29 time shift (left+right)/2 = -1.954590
   strip 30 time shift (left+right)/2 = 6.045410
   strip 31 time shift (left+right)/2 = 56.045410
**************** bmn_run479211_raw Chamber 2 primary equalization *******************************

Chamber #2 preliminary channel offsets (average is 6313.482910)
   strip 0 time shift (left+right)/2 = 0.000000
   strip 1 time shift (left+right)/2 = 29.517090
   strip 2 time shift (left+right)/2 = 33.517090
   strip 3 time shift (left+right)/2 = 51.517090
   strip 4 time shift (left+right)/2 = 11.517090
   strip 5 time shift (left+right)/2 = -42.482910
   strip 6 time shift (left+right)/2 = -40.482910
   strip 7 time shift (left+right)/2 = -22.482910
   strip 8 time shift (left+right)/2 = 0.000000
   strip 9 time shift (left+right)/2 = 9.517090
   strip 10 time shift (left+right)/2 = 19.517090
   strip 11 time shift (left+right)/2 = -16.482910
   strip 12 time shift (left+right)/2 = -10.482910
   strip 13 time shift (left+right)/2 = -28.482910
   strip 14 time shift (left+right)/2 = 1.517090
   strip 15 time shift (left+right)/2 = 14.517090
   strip 16 time shift (left+right)/2 = 21.517090
   strip 17 time shift (left+right)/2 = -14.482910
   strip 18 time shift (left+right)/2 = -48.482910
   strip 19 time shift (left+right)/2 = -22.482910
   strip 20 time shift (left+right)/2 = -44.482910
   strip 21 time shift (left+right)/2 = -42.482910
   strip 22 time shift (left+right)/2 = 23.517090
   strip 23 time shift (left+right)/2 = -2.482910
   strip 24 time shift (left+right)/2 = 0.000000
   strip 25 time shift (left+right)/2 = 12.517090
   strip 26 time shift (left+right)/2 = 4.517090
   strip 27 time shift (left+right)/2 = 45.517090
   strip 28 time shift (left+right)/2 = 41.517090
   strip 29 time shift (left+right)/2 = -20.482910
   strip 30 time shift (left+right)/2 = 47.517090
   strip 31 time shift (left+right)/2 = -11.482910
**************** bmn_run479211_raw Chamber 3 primary equalization *******************************

Chamber #3 preliminary channel offsets (average is 4243.259277)
   strip 0 time shift (left+right)/2 = 0.000000
   strip 1 time shift (left+right)/2 = -18.259277
   strip 2 time shift (left+right)/2 = -4.259277
   strip 3 time shift (left+right)/2 = -17.259277
   strip 4 time shift (left+right)/2 = -8.259277
   strip 5 time shift (left+right)/2 = 1.740723
   strip 6 time shift (left+right)/2 = 0.000000
   strip 7 time shift (left+right)/2 = -0.259277
   strip 8 time shift (left+right)/2 = 5.740723
   strip 9 time shift (left+right)/2 = -44.259277
   strip 10 time shift (left+right)/2 = -18.259277
   strip 11 time shift (left+right)/2 = -12.259277
   strip 12 time shift (left+right)/2 = -38.259277
   strip 13 time shift (left+right)/2 = -14.259277
   strip 14 time shift (left+right)/2 = 71.740723
   strip 15 time shift (left+right)/2 = 51.740723
   strip 16 time shift (left+right)/2 = 0.000000
   strip 17 time shift (left+right)/2 = 51.740723
   strip 18 time shift (left+right)/2 = -38.259277
   strip 19 time shift (left+right)/2 = -32.259277
   strip 20 time shift (left+right)/2 = -6.259277
   strip 21 time shift (left+right)/2 = 63.740723
   strip 22 time shift (left+right)/2 = -10.259277
   strip 23 time shift (left+right)/2 = -8.259277
   strip 24 time shift (left+right)/2 = 0.000000
   strip 25 time shift (left+right)/2 = 61.740723
   strip 26 time shift (left+right)/2 = -22.259277
   strip 27 time shift (left+right)/2 = -34.259277
   strip 28 time shift (left+right)/2 = 3.740723
   strip 29 time shift (left+right)/2 = 1.740723
   strip 30 time shift (left+right)/2 = 0.000000
   strip 31 time shift (left+right)/2 = 13.740723
**************** bmn_run479211_raw Chamber 4 primary equalization *******************************

Chamber #4 preliminary channel offsets (average is 5925.181641)
   strip 0 time shift (left+right)/2 = 0.000000
   strip 1 time shift (left+right)/2 = 0.000000
   strip 2 time shift (left+right)/2 = -16.181641
   strip 3 time shift (left+right)/2 = 9.818359
   strip 4 time shift (left+right)/2 = 0.000000
   strip 5 time shift (left+right)/2 = 11.818359
   strip 6 time shift (left+right)/2 = 7.818359
   strip 7 time shift (left+right)/2 = 0.000000
   strip 8 time shift (left+right)/2 = -38.181641
   strip 9 time shift (left+right)/2 = 41.818359
   strip 10 time shift (left+right)/2 = -6.181641
   strip 11 time shift (left+right)/2 = -22.181641
   strip 12 time shift (left+right)/2 = -4.181641
   strip 13 time shift (left+right)/2 = 17.818359
   strip 14 time shift (left+right)/2 = 3.818359
   strip 15 time shift (left+right)/2 = -14.181641
   strip 16 time shift (left+right)/2 = 41.818359
   strip 17 time shift (left+right)/2 = -34.181641
   strip 18 time shift (left+right)/2 = 0.000000
   strip 19 time shift (left+right)/2 = 0.000000
   strip 20 time shift (left+right)/2 = 14.818359
   strip 21 time shift (left+right)/2 = 21.818359
   strip 22 time shift (left+right)/2 = 47.818359
   strip 23 time shift (left+right)/2 = 29.818359
   strip 24 time shift (left+right)/2 = -44.181641
   strip 25 time shift (left+right)/2 = -35.181641
   strip 26 time shift (left+right)/2 = -46.181641
   strip 27 time shift (left+right)/2 = 0.000000
   strip 28 time shift (left+right)/2 = 0.000000
   strip 29 time shift (left+right)/2 = 0.000000
   strip 30 time shift (left+right)/2 = 0.000000
   strip 31 time shift (left+right)/2 = 11.818359
**************** bmn_run479211_raw Chamber 5 primary equalization *******************************

Chamber #5 preliminary channel offsets (average is 9698.961914)
   strip 0 time shift (left+right)/2 = 0.000000
   strip 1 time shift (left+right)/2 = -7.961914
   strip 2 time shift (left+right)/2 = 0.038086
   strip 3 time shift (left+right)/2 = -17.961914
   strip 4 time shift (left+right)/2 = 56.038086
   strip 5 time shift (left+right)/2 = 16.705078
   strip 6 time shift (left+right)/2 = -21.961914
   strip 7 time shift (left+right)/2 = 27.038086
   strip 8 time shift (left+right)/2 = 14.038086
   strip 9 time shift (left+right)/2 = 7.371094
   strip 10 time shift (left+right)/2 = 44.038086
   strip 11 time shift (left+right)/2 = -10.961914
   strip 12 time shift (left+right)/2 = 0.000000
   strip 13 time shift (left+right)/2 = -9.961914
   strip 14 time shift (left+right)/2 = 25.371094
   strip 15 time shift (left+right)/2 = 14.038086
   strip 16 time shift (left+right)/2 = 34.538086
   strip 17 time shift (left+right)/2 = -13.961914
   strip 18 time shift (left+right)/2 = 10.038086
   strip 19 time shift (left+right)/2 = -23.961914
   strip 20 time shift (left+right)/2 = -29.294922
   strip 21 time shift (left+right)/2 = -15.961914
   strip 22 time shift (left+right)/2 = 24.038086
   strip 23 time shift (left+right)/2 = -10.961914
   strip 24 time shift (left+right)/2 = 8.038086
   strip 25 time shift (left+right)/2 = -26.961914
   strip 26 time shift (left+right)/2 = -1.961914
   strip 27 time shift (left+right)/2 = -19.961914
   strip 28 time shift (left+right)/2 = -12.961914
   strip 29 time shift (left+right)/2 = -8.628906
   strip 30 time shift (left+right)/2 = -29.961914
   strip 31 time shift (left+right)/2 = -17.961914
**************** bmn_run479211_raw Chamber 6 primary equalization *******************************

Chamber #6 preliminary channel offsets (average is 8271.900391)
   strip 0 time shift (left+right)/2 = 0.000000
   strip 1 time shift (left+right)/2 = 23.099609
   strip 2 time shift (left+right)/2 = -28.900391
   strip 3 time shift (left+right)/2 = -33.567383
   strip 4 time shift (left+right)/2 = -18.900391
   strip 5 time shift (left+right)/2 = -38.900391
   strip 6 time shift (left+right)/2 = -8.900391
   strip 7 time shift (left+right)/2 = 53.766602
   strip 8 time shift (left+right)/2 = -24.900391
   strip 9 time shift (left+right)/2 = -2.900391
   strip 10 time shift (left+right)/2 = 57.099609
   strip 11 time shift (left+right)/2 = 17.099609
   strip 12 time shift (left+right)/2 = 43.099609
   strip 13 time shift (left+right)/2 = -28.900391
   strip 14 time shift (left+right)/2 = -4.900391
   strip 15 time shift (left+right)/2 = 0.000000
   strip 16 time shift (left+right)/2 = 19.099609
   strip 17 time shift (left+right)/2 = -8.900391
   strip 18 time shift (left+right)/2 = -22.900391
   strip 19 time shift (left+right)/2 = -30.900391
   strip 20 time shift (left+right)/2 = 35.766602
   strip 21 time shift (left+right)/2 = -16.900391
   strip 22 time shift (left+right)/2 = 51.099609
   strip 23 time shift (left+right)/2 = -30.900391
   strip 24 time shift (left+right)/2 = -33.900391
   strip 25 time shift (left+right)/2 = 5.099609
   strip 26 time shift (left+right)/2 = 19.099609
   strip 27 time shift (left+right)/2 = 8.432617
   strip 28 time shift (left+right)/2 = 13.099609
   strip 29 time shift (left+right)/2 = -18.900391
   strip 30 time shift (left+right)/2 = -6.900391
   strip 31 time shift (left+right)/2 = 15.099609
**************** bmn_run479211_raw Chamber 7 primary equalization *******************************

Chamber #7 preliminary channel offsets (average is 9643.736328)
   strip 0 time shift (left+right)/2 = 0.000000
   strip 1 time shift (left+right)/2 = -12.736328
   strip 2 time shift (left+right)/2 = 17.263672
   strip 3 time shift (left+right)/2 = -24.736328
   strip 4 time shift (left+right)/2 = 39.263672
   strip 5 time shift (left+right)/2 = -16.736328
   strip 6 time shift (left+right)/2 = -23.736328
   strip 7 time shift (left+right)/2 = 25.263672
   strip 8 time shift (left+right)/2 = -4.736328
   strip 9 time shift (left+right)/2 = -26.736328
   strip 10 time shift (left+right)/2 = -4.736328
   strip 11 time shift (left+right)/2 = 2.263672
   strip 12 time shift (left+right)/2 = -33.403320
   strip 13 time shift (left+right)/2 = -8.736328
   strip 14 time shift (left+right)/2 = -3.736328
   strip 15 time shift (left+right)/2 = 0.000000
   strip 16 time shift (left+right)/2 = -8.736328
   strip 17 time shift (left+right)/2 = 19.263672
   strip 18 time shift (left+right)/2 = 33.263672
   strip 19 time shift (left+right)/2 = 53.263672
   strip 20 time shift (left+right)/2 = 3.263672
   strip 21 time shift (left+right)/2 = 23.263672
   strip 22 time shift (left+right)/2 = -29.736328
   strip 23 time shift (left+right)/2 = -28.736328
   strip 24 time shift (left+right)/2 = 23.263672
   strip 25 time shift (left+right)/2 = 7.263672
   strip 26 time shift (left+right)/2 = 15.263672
   strip 27 time shift (left+right)/2 = -20.736328
   strip 28 time shift (left+right)/2 = -8.736328
   strip 29 time shift (left+right)/2 = 0.000000
   strip 30 time shift (left+right)/2 = 7.263672
   strip 31 time shift (left+right)/2 = -12.736328
**************** bmn_run479211_raw Chamber 8 primary equalization *******************************

Chamber #8 preliminary channel offsets (average is 9702.134766)
   strip 0 time shift (left+right)/2 = 0.000000
   strip 1 time shift (left+right)/2 = -21.134766
   strip 2 time shift (left+right)/2 = 38.865234
   strip 3 time shift (left+right)/2 = 28.865234
   strip 4 time shift (left+right)/2 = 20.865234
   strip 5 time shift (left+right)/2 = 30.865234
   strip 6 time shift (left+right)/2 = 28.865234
   strip 7 time shift (left+right)/2 = -18.467773
   strip 8 time shift (left+right)/2 = 10.865234
   strip 9 time shift (left+right)/2 = -15.134766
   strip 10 time shift (left+right)/2 = -18.134766
   strip 11 time shift (left+right)/2 = -19.134766
   strip 12 time shift (left+right)/2 = -15.134766
   strip 13 time shift (left+right)/2 = 69.532227
   strip 14 time shift (left+right)/2 = -3.134766
   strip 15 time shift (left+right)/2 = -11.801758
   strip 16 time shift (left+right)/2 = -25.134766
   strip 17 time shift (left+right)/2 = -20.134766
   strip 18 time shift (left+right)/2 = -28.134766
   strip 19 time shift (left+right)/2 = -5.134766
   strip 20 time shift (left+right)/2 = -11.134766
   strip 21 time shift (left+right)/2 = -19.134766
   strip 22 time shift (left+right)/2 = -10.134766
   strip 23 time shift (left+right)/2 = 22.865234
   strip 24 time shift (left+right)/2 = -27.134766
   strip 25 time shift (left+right)/2 = 55.865234
   strip 26 time shift (left+right)/2 = -5.134766
   strip 27 time shift (left+right)/2 = 26.198242
   strip 28 time shift (left+right)/2 = -27.134766
   strip 29 time shift (left+right)/2 = -19.134766
   strip 30 time shift (left+right)/2 = -0.134766
   strip 31 time shift (left+right)/2 = -13.934570
**************** bmn_run479211_raw Chamber 9 primary equalization *******************************

Chamber #9 preliminary channel offsets (average is 3898.947266)
   strip 0 time shift (left+right)/2 = 0.000000
   strip 1 time shift (left+right)/2 = -13.947266
   strip 2 time shift (left+right)/2 = -3.947266
   strip 3 time shift (left+right)/2 = -29.947266
   strip 4 time shift (left+right)/2 = -35.947266
   strip 5 time shift (left+right)/2 = -33.947266
   strip 6 time shift (left+right)/2 = 40.052734
   strip 7 time shift (left+right)/2 = -37.947266
   strip 8 time shift (left+right)/2 = -33.947266
   strip 9 time shift (left+right)/2 = 58.052734
   strip 10 time shift (left+right)/2 = 0.000000
   strip 11 time shift (left+right)/2 = 0.000000
   strip 12 time shift (left+right)/2 = 0.000000
   strip 13 time shift (left+right)/2 = 26.052734
   strip 14 time shift (left+right)/2 = 25.052734
   strip 15 time shift (left+right)/2 = 0.000000
   strip 16 time shift (left+right)/2 = 0.000000
   strip 17 time shift (left+right)/2 = -25.947266
   strip 18 time shift (left+right)/2 = 0.000000
   strip 19 time shift (left+right)/2 = 0.000000
   strip 20 time shift (left+right)/2 = -19.947266
   strip 21 time shift (left+right)/2 = 0.000000
   strip 22 time shift (left+right)/2 = 0.000000
   strip 23 time shift (left+right)/2 = 0.000000
   strip 24 time shift (left+right)/2 = 50.052734
   strip 25 time shift (left+right)/2 = 18.052734
   strip 26 time shift (left+right)/2 = 8.052734
   strip 27 time shift (left+right)/2 = -11.947266
   strip 28 time shift (left+right)/2 = -27.947266
   strip 29 time shift (left+right)/2 = 0.000000
   strip 30 time shift (left+right)/2 = 50.052734
   strip 31 time shift (left+right)/2 = 0.000000
**************** bmn_run479211_raw Chamber 10 primary equalization *******************************

Chamber #10 preliminary channel offsets (average is 9688.548828)
   strip 0 time shift (left+right)/2 = 0.000000
   strip 1 time shift (left+right)/2 = -27.548828
   strip 2 time shift (left+right)/2 = 55.651367
   strip 3 time shift (left+right)/2 = -11.548828
   strip 4 time shift (left+right)/2 = -29.548828
   strip 5 time shift (left+right)/2 = 47.593750
   strip 6 time shift (left+right)/2 = -28.548828
   strip 7 time shift (left+right)/2 = 17.451172
   strip 8 time shift (left+right)/2 = -26.048828
   strip 9 time shift (left+right)/2 = -27.548828
   strip 10 time shift (left+right)/2 = -7.548828
   strip 11 time shift (left+right)/2 = -17.048828
   strip 12 time shift (left+right)/2 = 23.784180
   strip 13 time shift (left+right)/2 = -20.548828
   strip 14 time shift (left+right)/2 = -19.048828
   strip 15 time shift (left+right)/2 = -21.215820
   strip 16 time shift (left+right)/2 = 39.451172
   strip 17 time shift (left+right)/2 = -20.548828
   strip 18 time shift (left+right)/2 = -37.548828
   strip 19 time shift (left+right)/2 = 17.951172
   strip 20 time shift (left+right)/2 = -32.881836
   strip 21 time shift (left+right)/2 = 28.451172
   strip 22 time shift (left+right)/2 = 56.451172
   strip 23 time shift (left+right)/2 = -20.548828
   strip 24 time shift (left+right)/2 = -28.749023
   strip 25 time shift (left+right)/2 = 18.951172
   strip 26 time shift (left+right)/2 = 50.451172
   strip 27 time shift (left+right)/2 = -11.548828
   strip 28 time shift (left+right)/2 = -8.548828
   strip 29 time shift (left+right)/2 = -22.548828
   strip 30 time shift (left+right)/2 = 63.451172
   strip 31 time shift (left+right)/2 = -0.548828
**************** bmn_run479211_raw Chamber 11 primary equalization *******************************

Chamber #11 preliminary channel offsets (average is 9419.502930)
   strip 0 time shift (left+right)/2 = 0.000000
   strip 1 time shift (left+right)/2 = 56.697266
   strip 2 time shift (left+right)/2 = 9.497070
   strip 3 time shift (left+right)/2 = -12.502930
   strip 4 time shift (left+right)/2 = 17.497070
   strip 5 time shift (left+right)/2 = -22.502930
   strip 6 time shift (left+right)/2 = -35.502930
   strip 7 time shift (left+right)/2 = 12.296875
   strip 8 time shift (left+right)/2 = -7.502930
   strip 9 time shift (left+right)/2 = -0.502930
   strip 10 time shift (left+right)/2 = -22.502930
   strip 11 time shift (left+right)/2 = -2.502930
   strip 12 time shift (left+right)/2 = 0.000000
   strip 13 time shift (left+right)/2 = -40.502930
   strip 14 time shift (left+right)/2 = -36.502930
   strip 15 time shift (left+right)/2 = 29.497070
   strip 16 time shift (left+right)/2 = -40.502930
   strip 17 time shift (left+right)/2 = -38.502930
   strip 18 time shift (left+right)/2 = 16.497070
   strip 19 time shift (left+right)/2 = 65.497070
   strip 20 time shift (left+right)/2 = 17.497070
   strip 21 time shift (left+right)/2 = 53.497070
   strip 22 time shift (left+right)/2 = -27.502930
   strip 23 time shift (left+right)/2 = 7.497070
   strip 24 time shift (left+right)/2 = 52.830078
   strip 25 time shift (left+right)/2 = 51.497070
   strip 26 time shift (left+right)/2 = -28.502930
   strip 27 time shift (left+right)/2 = -20.502930
   strip 28 time shift (left+right)/2 = -34.502930
   strip 29 time shift (left+right)/2 = -4.502930
   strip 30 time shift (left+right)/2 = -32.216797
   strip 31 time shift (left+right)/2 = 16.997070
**************** bmn_run479211_raw Chamber 12 primary equalization *******************************

Chamber #12 preliminary channel offsets (average is 9954.958008)
   strip 0 time shift (left+right)/2 = 0.000000
   strip 1 time shift (left+right)/2 = -30.625000
   strip 2 time shift (left+right)/2 = -13.958008
   strip 3 time shift (left+right)/2 = 0.000000
   strip 4 time shift (left+right)/2 = -29.958008
   strip 5 time shift (left+right)/2 = 0.000000
   strip 6 time shift (left+right)/2 = 0.000000
   strip 7 time shift (left+right)/2 = 0.000000
   strip 8 time shift (left+right)/2 = 0.000000
   strip 9 time shift (left+right)/2 = 0.000000
   strip 10 time shift (left+right)/2 = 0.000000
   strip 11 time shift (left+right)/2 = 22.041992
   strip 12 time shift (left+right)/2 = 10.041992
   strip 13 time shift (left+right)/2 = -29.958008
   strip 14 time shift (left+right)/2 = 0.000000
   strip 15 time shift (left+right)/2 = 0.000000
   strip 16 time shift (left+right)/2 = 0.000000
   strip 17 time shift (left+right)/2 = 10.041992
   strip 18 time shift (left+right)/2 = 14.041992
   strip 19 time shift (left+right)/2 = 0.000000
   strip 20 time shift (left+right)/2 = 10.041992
   strip 21 time shift (left+right)/2 = 0.000000
   strip 22 time shift (left+right)/2 = -43.958008
   strip 23 time shift (left+right)/2 = 10.041992
   strip 24 time shift (left+right)/2 = 36.041992
   strip 25 time shift (left+right)/2 = 0.000000
   strip 26 time shift (left+right)/2 = -17.958008
   strip 27 time shift (left+right)/2 = 26.041992
   strip 28 time shift (left+right)/2 = 34.041992
   strip 29 time shift (left+right)/2 = -5.958008
   strip 30 time shift (left+right)/2 = 0.000000
   strip 31 time shift (left+right)/2 = 0.000000
**************** bmn_run479211_raw Chamber 13 primary equalization *******************************

Chamber #13 preliminary channel offsets (average is 5901.611328)
   strip 0 time shift (left+right)/2 = 0.000000
   strip 1 time shift (left+right)/2 = 35.388672
   strip 2 time shift (left+right)/2 = 41.388672
   strip 3 time shift (left+right)/2 = 0.000000
   strip 4 time shift (left+right)/2 = 0.000000
   strip 5 time shift (left+right)/2 = -12.611328
   strip 6 time shift (left+right)/2 = 5.388672
   strip 7 time shift (left+right)/2 = 5.388672
   strip 8 time shift (left+right)/2 = 9.388672
   strip 9 time shift (left+right)/2 = 1.388672
   strip 10 time shift (left+right)/2 = -22.611328
   strip 11 time shift (left+right)/2 = -8.611328
   strip 12 time shift (left+right)/2 = 21.388672
   strip 13 time shift (left+right)/2 = 0.000000
   strip 14 time shift (left+right)/2 = -17.611328
   strip 15 time shift (left+right)/2 = 0.000000
   strip 16 time shift (left+right)/2 = 0.000000
   strip 17 time shift (left+right)/2 = 9.388672
   strip 18 time shift (left+right)/2 = 0.000000
   strip 19 time shift (left+right)/2 = 0.000000
   strip 20 time shift (left+right)/2 = 0.000000
   strip 21 time shift (left+right)/2 = -40.611328
   strip 22 time shift (left+right)/2 = 0.000000
   strip 23 time shift (left+right)/2 = 0.000000
   strip 24 time shift (left+right)/2 = 0.000000
   strip 25 time shift (left+right)/2 = 0.000000
   strip 26 time shift (left+right)/2 = 29.388672
   strip 27 time shift (left+right)/2 = 5.388672
   strip 28 time shift (left+right)/2 = 17.388672
   strip 29 time shift (left+right)/2 = -32.611328
   strip 30 time shift (left+right)/2 = 0.000000
   strip 31 time shift (left+right)/2 = -46.611328
**************** bmn_run479211_raw Chamber 14 primary equalization *******************************

Chamber #14 preliminary channel offsets (average is 7440.600098)
   strip 0 time shift (left+right)/2 = 0.000000
   strip 1 time shift (left+right)/2 = 0.000000
   strip 2 time shift (left+right)/2 = 42.399902
   strip 3 time shift (left+right)/2 = 0.000000
   strip 4 time shift (left+right)/2 = 0.000000
   strip 5 time shift (left+right)/2 = 0.000000
   strip 6 time shift (left+right)/2 = 0.000000
   strip 7 time shift (left+right)/2 = 0.000000
   strip 8 time shift (left+right)/2 = 0.000000
   strip 9 time shift (left+right)/2 = 0.000000
   strip 10 time shift (left+right)/2 = 0.000000
   strip 11 time shift (left+right)/2 = -5.600098
   strip 12 time shift (left+right)/2 = 0.000000
   strip 13 time shift (left+right)/2 = 0.000000
   strip 14 time shift (left+right)/2 = 0.399902
   strip 15 time shift (left+right)/2 = -45.600098
   strip 16 time shift (left+right)/2 = 30.399902
   strip 17 time shift (left+right)/2 = 0.000000
   strip 18 time shift (left+right)/2 = -43.600098
   strip 19 time shift (left+right)/2 = -20.600098
   strip 20 time shift (left+right)/2 = -13.600098
   strip 21 time shift (left+right)/2 = 0.000000
   strip 22 time shift (left+right)/2 = 36.399902
   strip 23 time shift (left+right)/2 = 25.399902
   strip 24 time shift (left+right)/2 = 46.399902
   strip 25 time shift (left+right)/2 = 0.000000
   strip 26 time shift (left+right)/2 = 0.000000
   strip 27 time shift (left+right)/2 = 12.399902
   strip 28 time shift (left+right)/2 = -31.600098
   strip 29 time shift (left+right)/2 = 0.000000
   strip 30 time shift (left+right)/2 = -35.600098
   strip 31 time shift (left+right)/2 = 2.399902
**************** bmn_run479211_raw Chamber 15 primary equalization *******************************

Chamber #15 preliminary channel offsets (average is 9391.661133)
   strip 0 time shift (left+right)/2 = 0.000000
   strip 1 time shift (left+right)/2 = -8.661133
   strip 2 time shift (left+right)/2 = 49.338867
   strip 3 time shift (left+right)/2 = 15.338867
   strip 4 time shift (left+right)/2 = -32.661133
   strip 5 time shift (left+right)/2 = -42.661133
   strip 6 time shift (left+right)/2 = -24.661133
   strip 7 time shift (left+right)/2 = 11.338867
   strip 8 time shift (left+right)/2 = -39.661133
   strip 9 time shift (left+right)/2 = -41.661133
   strip 10 time shift (left+right)/2 = -10.661133
   strip 11 time shift (left+right)/2 = 25.338867
   strip 12 time shift (left+right)/2 = 43.338867
   strip 13 time shift (left+right)/2 = -32.661133
   strip 14 time shift (left+right)/2 = 15.338867
   strip 15 time shift (left+right)/2 = 43.338867
   strip 16 time shift (left+right)/2 = -10.661133
   strip 17 time shift (left+right)/2 = -36.661133
   strip 18 time shift (left+right)/2 = 73.338867
   strip 19 time shift (left+right)/2 = -12.661133
   strip 20 time shift (left+right)/2 = 35.838867
   strip 21 time shift (left+right)/2 = 13.338867
   strip 22 time shift (left+right)/2 = 1.338867
   strip 23 time shift (left+right)/2 = 25.338867
   strip 24 time shift (left+right)/2 = 1.338867
   strip 25 time shift (left+right)/2 = 65.338867
   strip 26 time shift (left+right)/2 = -38.661133
   strip 27 time shift (left+right)/2 = -28.661133
   strip 28 time shift (left+right)/2 = -18.661133
   strip 29 time shift (left+right)/2 = -14.661133
   strip 30 time shift (left+right)/2 = -42.661133
   strip 31 time shift (left+right)/2 = 17.338867
**************** bmn_run479211_raw Chamber 16 primary equalization *******************************

Chamber #16 preliminary channel offsets (average is 4805.532227)
   strip 0 time shift (left+right)/2 = 0.000000
   strip 1 time shift (left+right)/2 = 25.467773
   strip 2 time shift (left+right)/2 = -25.198730
   strip 3 time shift (left+right)/2 = 77.467773
   strip 4 time shift (left+right)/2 = -29.532227
   strip 5 time shift (left+right)/2 = -34.532227
   strip 6 time shift (left+right)/2 = -34.532227
   strip 7 time shift (left+right)/2 = 9.467773
   strip 8 time shift (left+right)/2 = -4.532227
   strip 9 time shift (left+right)/2 = -18.532227
   strip 10 time shift (left+right)/2 = -21.532227
   strip 11 time shift (left+right)/2 = 59.067871
   strip 12 time shift (left+right)/2 = 77.467773
   strip 13 time shift (left+right)/2 = -34.532227
   strip 14 time shift (left+right)/2 = -18.532227
   strip 15 time shift (left+right)/2 = -32.532227
   strip 16 time shift (left+right)/2 = -4.778320
   strip 17 time shift (left+right)/2 = -16.532227
   strip 18 time shift (left+right)/2 = -24.032227
   strip 19 time shift (left+right)/2 = -28.532227
   strip 20 time shift (left+right)/2 = 59.753418
   strip 21 time shift (left+right)/2 = -30.532227
   strip 22 time shift (left+right)/2 = -23.032227
   strip 23 time shift (left+right)/2 = 17.467773
   strip 24 time shift (left+right)/2 = 7.831543
   strip 25 time shift (left+right)/2 = 8.067871
   strip 26 time shift (left+right)/2 = -28.710938
   strip 27 time shift (left+right)/2 = 0.000000
   strip 28 time shift (left+right)/2 = -29.891113
   strip 29 time shift (left+right)/2 = -27.755371
   strip 30 time shift (left+right)/2 = 61.777832
   strip 31 time shift (left+right)/2 = 63.929199
**************** bmn_run479211_raw Chamber 17 primary equalization *******************************

Chamber #17 preliminary channel offsets (average is 4806.854980)
   strip 0 time shift (left+right)/2 = 0.000000
   strip 1 time shift (left+right)/2 = 44.145020
   strip 2 time shift (left+right)/2 = -6.354980
   strip 3 time shift (left+right)/2 = 2.811523
   strip 4 time shift (left+right)/2 = 15.645020
   strip 5 time shift (left+right)/2 = -17.854980
   strip 6 time shift (left+right)/2 = -33.854980
   strip 7 time shift (left+right)/2 = 72.145020
   strip 8 time shift (left+right)/2 = -27.188477
   strip 9 time shift (left+right)/2 = -20.854980
   strip 10 time shift (left+right)/2 = -29.188477
   strip 11 time shift (left+right)/2 = 4.645020
   strip 12 time shift (left+right)/2 = 8.145020
   strip 13 time shift (left+right)/2 = 0.145020
   strip 14 time shift (left+right)/2 = 6.145020
   strip 15 time shift (left+right)/2 = 16.645020
   strip 16 time shift (left+right)/2 = -29.654785
   strip 17 time shift (left+right)/2 = -30.354980
   strip 18 time shift (left+right)/2 = -8.299316
   strip 19 time shift (left+right)/2 = -10.077148
   strip 20 time shift (left+right)/2 = 7.438965
   strip 21 time shift (left+right)/2 = 30.011719
   strip 22 time shift (left+right)/2 = -7.854980
   strip 23 time shift (left+right)/2 = -23.854980
   strip 24 time shift (left+right)/2 = -30.854980
   strip 25 time shift (left+right)/2 = 21.478516
   strip 26 time shift (left+right)/2 = 73.544922
   strip 27 time shift (left+right)/2 = -18.654785
   strip 28 time shift (left+right)/2 = 21.288086
   strip 29 time shift (left+right)/2 = -27.354980
   strip 30 time shift (left+right)/2 = -2.729980
   strip 31 time shift (left+right)/2 = 0.745117
**************** bmn_run479211_raw Chamber 18 primary equalization *******************************

Chamber #18 preliminary channel offsets (average is 9261.385742)
   strip 0 time shift (left+right)/2 = 0.000000
   strip 1 time shift (left+right)/2 = -2.385742
   strip 2 time shift (left+right)/2 = 9.614258
   strip 3 time shift (left+right)/2 = -32.385742
   strip 4 time shift (left+right)/2 = -11.385742
   strip 5 time shift (left+right)/2 = -17.385742
   strip 6 time shift (left+right)/2 = -3.385742
   strip 7 time shift (left+right)/2 = 3.614258
   strip 8 time shift (left+right)/2 = 78.281250
   strip 9 time shift (left+right)/2 = -36.385742
   strip 10 time shift (left+right)/2 = -34.385742
   strip 11 time shift (left+right)/2 = 5.614258
   strip 12 time shift (left+right)/2 = -27.985352
   strip 13 time shift (left+right)/2 = -31.585938
   strip 14 time shift (left+right)/2 = -4.385742
   strip 15 time shift (left+right)/2 = -31.052734
   strip 16 time shift (left+right)/2 = 69.614258
   strip 17 time shift (left+right)/2 = -33.185547
   strip 18 time shift (left+right)/2 = -31.385742
   strip 19 time shift (left+right)/2 = 6.947266
   strip 20 time shift (left+right)/2 = 65.391602
   strip 21 time shift (left+right)/2 = -28.385742
   strip 22 time shift (left+right)/2 = -31.185547
   strip 23 time shift (left+right)/2 = 24.814453
   strip 24 time shift (left+right)/2 = -13.052734
   strip 25 time shift (left+right)/2 = -29.052734
   strip 26 time shift (left+right)/2 = 45.614258
   strip 27 time shift (left+right)/2 = -11.885742
   strip 28 time shift (left+right)/2 = 65.614258
   strip 29 time shift (left+right)/2 = 21.213867
   strip 30 time shift (left+right)/2 = 40.114258
   strip 31 time shift (left+right)/2 = -25.585938
**************** bmn_run479211_raw Chamber 19 primary equalization *******************************

Chamber #19 preliminary channel offsets (average is 3694.817383)
   strip 0 time shift (left+right)/2 = 0.000000
   strip 1 time shift (left+right)/2 = -3.817383
   strip 2 time shift (left+right)/2 = -21.817383
   strip 3 time shift (left+right)/2 = -23.817383
   strip 4 time shift (left+right)/2 = 29.515869
   strip 5 time shift (left+right)/2 = -4.817383
   strip 6 time shift (left+right)/2 = 27.182617
   strip 7 time shift (left+right)/2 = -8.817383
   strip 8 time shift (left+right)/2 = 9.182617
   strip 9 time shift (left+right)/2 = -18.484131
   strip 10 time shift (left+right)/2 = -5.817383
   strip 11 time shift (left+right)/2 = -20.817383
   strip 12 time shift (left+right)/2 = 23.182617
   strip 13 time shift (left+right)/2 = -13.817383
   strip 14 time shift (left+right)/2 = -25.817383
   strip 15 time shift (left+right)/2 = 33.182617
   strip 16 time shift (left+right)/2 = -25.817383
   strip 17 time shift (left+right)/2 = -4.817383
   strip 18 time shift (left+right)/2 = -10.484131
   strip 19 time shift (left+right)/2 = -10.484131
   strip 20 time shift (left+right)/2 = -8.817383
   strip 21 time shift (left+right)/2 = -19.817383
   strip 22 time shift (left+right)/2 = 38.849365
   strip 23 time shift (left+right)/2 = 6.182617
   strip 24 time shift (left+right)/2 = -5.817383
   strip 25 time shift (left+right)/2 = -1.817383
   strip 26 time shift (left+right)/2 = -11.317383
   strip 27 time shift (left+right)/2 = 40.682617
   strip 28 time shift (left+right)/2 = -18.484131
   strip 29 time shift (left+right)/2 = 3.182617
   strip 30 time shift (left+right)/2 = 78.182617
   strip 31 time shift (left+right)/2 = -23.817383
**************** bmn_run479211_raw Chamber 20 primary equalization *******************************

Chamber #20 preliminary channel offsets (average is 7795.866211)
   strip 0 time shift (left+right)/2 = 0.000000
   strip 1 time shift (left+right)/2 = 19.133789
   strip 2 time shift (left+right)/2 = 64.133789
   strip 3 time shift (left+right)/2 = -8.866211
   strip 4 time shift (left+right)/2 = -8.866211
   strip 5 time shift (left+right)/2 = 7.133789
   strip 6 time shift (left+right)/2 = 15.800293
   strip 7 time shift (left+right)/2 = -22.866211
   strip 8 time shift (left+right)/2 = -17.866211
   strip 9 time shift (left+right)/2 = -22.866211
   strip 10 time shift (left+right)/2 = 15.800293
   strip 11 time shift (left+right)/2 = 0.000000
   strip 12 time shift (left+right)/2 = 1.133789
   strip 13 time shift (left+right)/2 = -29.866211
   strip 14 time shift (left+right)/2 = -24.866211
   strip 15 time shift (left+right)/2 = 35.633789
   strip 16 time shift (left+right)/2 = -40.866211
   strip 17 time shift (left+right)/2 = -35.866211
   strip 18 time shift (left+right)/2 = 27.133789
   strip 19 time shift (left+right)/2 = -0.866211
   strip 20 time shift (left+right)/2 = 11.533691
   strip 21 time shift (left+right)/2 = -18.866211
   strip 22 time shift (left+right)/2 = -14.866211
   strip 23 time shift (left+right)/2 = -10.866211
   strip 24 time shift (left+right)/2 = -26.866211
   strip 25 time shift (left+right)/2 = -12.866211
   strip 26 time shift (left+right)/2 = 47.133789
   strip 27 time shift (left+right)/2 = 0.000000
   strip 28 time shift (left+right)/2 = 0.000000
   strip 29 time shift (left+right)/2 = 49.133789
   strip 30 time shift (left+right)/2 = 23.133789
   strip 31 time shift (left+right)/2 = -18.866211
**************** bmn_run479211_raw Chamber 21 primary equalization *******************************

Chamber #21 preliminary channel offsets (average is 9161.168945)
   strip 0 time shift (left+right)/2 = 0.000000
   strip 1 time shift (left+right)/2 = -10.168945
   strip 2 time shift (left+right)/2 = 38.831055
   strip 3 time shift (left+right)/2 = -16.168945
   strip 4 time shift (left+right)/2 = -4.835938
   strip 5 time shift (left+right)/2 = -2.168945
   strip 6 time shift (left+right)/2 = -15.835938
   strip 7 time shift (left+right)/2 = -32.168945
   strip 8 time shift (left+right)/2 = 25.164062
   strip 9 time shift (left+right)/2 = 33.831055
   strip 10 time shift (left+right)/2 = -34.168945
   strip 11 time shift (left+right)/2 = 31.831055
   strip 12 time shift (left+right)/2 = 1.831055
   strip 13 time shift (left+right)/2 = -14.168945
   strip 14 time shift (left+right)/2 = -22.168945
   strip 15 time shift (left+right)/2 = 11.831055
   strip 16 time shift (left+right)/2 = 32.831055
   strip 17 time shift (left+right)/2 = 43.259766
   strip 18 time shift (left+right)/2 = -10.668945
   strip 19 time shift (left+right)/2 = -20.168945
   strip 20 time shift (left+right)/2 = -30.168945
   strip 21 time shift (left+right)/2 = 21.831055
   strip 22 time shift (left+right)/2 = -31.501953
   strip 23 time shift (left+right)/2 = -25.168945
   strip 24 time shift (left+right)/2 = -3.168945
   strip 25 time shift (left+right)/2 = 39.831055
   strip 26 time shift (left+right)/2 = -6.835938
   strip 27 time shift (left+right)/2 = 35.164062
   strip 28 time shift (left+right)/2 = -30.168945
   strip 29 time shift (left+right)/2 = 35.831055
   strip 30 time shift (left+right)/2 = -12.168945
   strip 31 time shift (left+right)/2 = -30.168945
**************** bmn_run479211_raw Chamber 22 primary equalization *******************************

Chamber #22 preliminary channel offsets (average is 3773.314209)
   strip 0 time shift (left+right)/2 = 0.000000
   strip 1 time shift (left+right)/2 = 29.685791
   strip 2 time shift (left+right)/2 = -36.980957
   strip 3 time shift (left+right)/2 = -14.314209
   strip 4 time shift (left+right)/2 = -10.314209
   strip 5 time shift (left+right)/2 = -27.647461
   strip 6 time shift (left+right)/2 = 0.085693
   strip 7 time shift (left+right)/2 = 45.019043
   strip 8 time shift (left+right)/2 = -32.314209
   strip 9 time shift (left+right)/2 = 20.485840
   strip 10 time shift (left+right)/2 = -18.814209
   strip 11 time shift (left+right)/2 = -28.314209
   strip 12 time shift (left+right)/2 = -33.314209
   strip 13 time shift (left+right)/2 = 50.935791
   strip 14 time shift (left+right)/2 = 27.114258
   strip 15 time shift (left+right)/2 = 28.685791
**************** bmn_run479211_raw Chamber 23 primary equalization *******************************

Chamber #23 preliminary channel offsets (average is 8342.252930)
   strip 0 time shift (left+right)/2 = 0.000000
   strip 1 time shift (left+right)/2 = -31.252930
   strip 2 time shift (left+right)/2 = 24.747070
   strip 3 time shift (left+right)/2 = 25.708984
   strip 4 time shift (left+right)/2 = 68.747070
   strip 5 time shift (left+right)/2 = -29.252930
   strip 6 time shift (left+right)/2 = -13.252930
   strip 7 time shift (left+right)/2 = 63.414062
   strip 8 time shift (left+right)/2 = -21.585938
   strip 9 time shift (left+right)/2 = 6.747070
   strip 10 time shift (left+right)/2 = -1.752930
   strip 11 time shift (left+right)/2 = -26.252930
   strip 12 time shift (left+right)/2 = -25.252930
   strip 13 time shift (left+right)/2 = -29.252930
   strip 14 time shift (left+right)/2 = -20.252930
   strip 15 time shift (left+right)/2 = 8.747070
**************** bmn_run479211_raw Chamber 24 primary equalization *******************************

Chamber #24 preliminary channel offsets (average is 8685.325195)
   strip 0 time shift (left+right)/2 = 0.000000
   strip 1 time shift (left+right)/2 = 26.532227
   strip 2 time shift (left+right)/2 = -27.325195
   strip 3 time shift (left+right)/2 = 25.674805
   strip 4 time shift (left+right)/2 = -16.325195
   strip 5 time shift (left+right)/2 = 8.474609
   strip 6 time shift (left+right)/2 = -3.880859
   strip 7 time shift (left+right)/2 = 73.212891
   strip 8 time shift (left+right)/2 = -24.325195
   strip 9 time shift (left+right)/2 = -20.325195
   strip 10 time shift (left+right)/2 = -18.325195
   strip 11 time shift (left+right)/2 = -10.325195
   strip 12 time shift (left+right)/2 = 11.674805
   strip 13 time shift (left+right)/2 = 24.765625
   strip 14 time shift (left+right)/2 = -25.924805
   strip 15 time shift (left+right)/2 = -23.575195
**************** bmn_run479211_raw Chamber 25 primary equalization *******************************

Chamber #25 preliminary channel offsets (average is 9845.551758)
   strip 0 time shift (left+right)/2 = 0.000000
   strip 1 time shift (left+right)/2 = 1.448242
   strip 2 time shift (left+right)/2 = 31.448242
   strip 3 time shift (left+right)/2 = 3.448242
   strip 4 time shift (left+right)/2 = -8.551758
   strip 5 time shift (left+right)/2 = -14.551758
   strip 6 time shift (left+right)/2 = -50.551758
   strip 7 time shift (left+right)/2 = 53.448242
   strip 8 time shift (left+right)/2 = -0.551758
   strip 9 time shift (left+right)/2 = 0.000000
   strip 10 time shift (left+right)/2 = -11.218750
   strip 11 time shift (left+right)/2 = -6.551758
   strip 12 time shift (left+right)/2 = -1.551758
   strip 13 time shift (left+right)/2 = -6.551758
   strip 14 time shift (left+right)/2 = -4.551758
   strip 15 time shift (left+right)/2 = 45.448242
   strip 16 time shift (left+right)/2 = -12.551758
   strip 17 time shift (left+right)/2 = -14.551758
   strip 18 time shift (left+right)/2 = 17.448242
   strip 19 time shift (left+right)/2 = 3.448242
   strip 20 time shift (left+right)/2 = 0.000000
   strip 21 time shift (left+right)/2 = -16.551758
   strip 22 time shift (left+right)/2 = 0.000000
   strip 23 time shift (left+right)/2 = 0.000000
   strip 24 time shift (left+right)/2 = 17.448242
   strip 25 time shift (left+right)/2 = -22.551758
   strip 26 time shift (left+right)/2 = 17.448242
   strip 27 time shift (left+right)/2 = 21.448242
   strip 28 time shift (left+right)/2 = 0.000000
   strip 29 time shift (left+right)/2 = -32.551758
   strip 30 time shift (left+right)/2 = 7.448242
   strip 31 time shift (left+right)/2 = -16.551758
**************** bmn_run479211_raw Chamber 26 primary equalization *******************************

Chamber #26 preliminary channel offsets (average is 9646.833008)
   strip 0 time shift (left+right)/2 = 0.000000
   strip 1 time shift (left+right)/2 = -41.833008
   strip 2 time shift (left+right)/2 = 0.000000
   strip 3 time shift (left+right)/2 = 9.166992
   strip 4 time shift (left+right)/2 = -7.833008
   strip 5 time shift (left+right)/2 = 0.000000
   strip 6 time shift (left+right)/2 = 8.166992
   strip 7 time shift (left+right)/2 = -25.833008
   strip 8 time shift (left+right)/2 = 40.166992
   strip 9 time shift (left+right)/2 = -5.833008
   strip 10 time shift (left+right)/2 = 0.000000
   strip 11 time shift (left+right)/2 = -33.833008
   strip 12 time shift (left+right)/2 = 0.000000
   strip 13 time shift (left+right)/2 = 20.166992
   strip 14 time shift (left+right)/2 = 0.000000
   strip 15 time shift (left+right)/2 = -35.833008
   strip 16 time shift (left+right)/2 = -27.833008
   strip 17 time shift (left+right)/2 = -23.833008
   strip 18 time shift (left+right)/2 = 0.000000
   strip 19 time shift (left+right)/2 = 0.000000
   strip 20 time shift (left+right)/2 = 0.000000
   strip 21 time shift (left+right)/2 = 50.166992
   strip 22 time shift (left+right)/2 = 64.166992
   strip 23 time shift (left+right)/2 = -37.833008
   strip 24 time shift (left+right)/2 = 0.000000
   strip 25 time shift (left+right)/2 = 0.000000
   strip 26 time shift (left+right)/2 = 16.166992
   strip 27 time shift (left+right)/2 = 0.000000
   strip 28 time shift (left+right)/2 = 0.000000
   strip 29 time shift (left+right)/2 = 0.000000
   strip 30 time shift (left+right)/2 = 50.166992
   strip 31 time shift (left+right)/2 = -17.833008
**************** bmn_run479211_raw Chamber 27 primary equalization *******************************

Chamber #27 preliminary channel offsets (average is 2717.000000)
   strip 0 time shift (left+right)/2 = 0.000000
   strip 1 time shift (left+right)/2 = 0.000000
   strip 2 time shift (left+right)/2 = 0.000000
   strip 3 time shift (left+right)/2 = -48.000000
   strip 4 time shift (left+right)/2 = 0.000000
   strip 5 time shift (left+right)/2 = 0.000000
   strip 6 time shift (left+right)/2 = 0.000000
   strip 7 time shift (left+right)/2 = 0.000000
   strip 8 time shift (left+right)/2 = 0.000000
   strip 9 time shift (left+right)/2 = 0.000000
   strip 10 time shift (left+right)/2 = 0.000000
   strip 11 time shift (left+right)/2 = 0.000000
   strip 12 time shift (left+right)/2 = 0.000000
   strip 13 time shift (left+right)/2 = 0.000000
   strip 14 time shift (left+right)/2 = 0.000000
   strip 15 time shift (left+right)/2 = 0.000000
   strip 16 time shift (left+right)/2 = 2.000000
   strip 17 time shift (left+right)/2 = 0.000000
   strip 18 time shift (left+right)/2 = 20.000000
   strip 19 time shift (left+right)/2 = 0.000000
   strip 20 time shift (left+right)/2 = 0.000000
   strip 21 time shift (left+right)/2 = 2.000000
   strip 22 time shift (left+right)/2 = 26.000000
   strip 23 time shift (left+right)/2 = 0.000000
   strip 24 time shift (left+right)/2 = 0.000000
   strip 25 time shift (left+right)/2 = 0.000000
   strip 26 time shift (left+right)/2 = 0.000000
   strip 27 time shift (left+right)/2 = 0.000000
   strip 28 time shift (left+right)/2 = 0.000000
   strip 29 time shift (left+right)/2 = 0.000000
   strip 30 time shift (left+right)/2 = -2.000000
   strip 31 time shift (left+right)/2 = 0.000000
**************** bmn_run479211_raw Chamber 28 primary equalization *******************************

Chamber #28 preliminary channel offsets (average is 4325.444336)
   strip 0 time shift (left+right)/2 = 0.000000
   strip 1 time shift (left+right)/2 = 0.000000
   strip 2 time shift (left+right)/2 = 0.000000
   strip 3 time shift (left+right)/2 = 0.000000
   strip 4 time shift (left+right)/2 = 0.000000
   strip 5 time shift (left+right)/2 = 0.000000
   strip 6 time shift (left+right)/2 = 0.000000
   strip 7 time shift (left+right)/2 = 0.000000
   strip 8 time shift (left+right)/2 = 0.000000
   strip 9 time shift (left+right)/2 = 0.000000
   strip 10 time shift (left+right)/2 = 41.555664
   strip 11 time shift (left+right)/2 = 0.000000
   strip 12 time shift (left+right)/2 = 0.000000
   strip 13 time shift (left+right)/2 = 0.000000
   strip 14 time shift (left+right)/2 = 0.000000
   strip 15 time shift (left+right)/2 = 0.000000
   strip 16 time shift (left+right)/2 = -32.444336
   strip 17 time shift (left+right)/2 = 0.000000
   strip 18 time shift (left+right)/2 = 21.555664
   strip 19 time shift (left+right)/2 = 0.000000
   strip 20 time shift (left+right)/2 = 0.000000
   strip 21 time shift (left+right)/2 = 0.000000
   strip 22 time shift (left+right)/2 = 13.555664
   strip 23 time shift (left+right)/2 = 21.555664
   strip 24 time shift (left+right)/2 = 0.000000
   strip 25 time shift (left+right)/2 = -18.444336
   strip 26 time shift (left+right)/2 = 0.000000
   strip 27 time shift (left+right)/2 = -32.444336
   strip 28 time shift (left+right)/2 = -36.444336
   strip 29 time shift (left+right)/2 = 0.000000
   strip 30 time shift (left+right)/2 = 21.555664
   strip 31 time shift (left+right)/2 = 0.000000
**************** bmn_run479211_raw Chamber 29 primary equalization *******************************

Chamber #29 preliminary channel offsets (average is 7728.529297)
   strip 0 time shift (left+right)/2 = 0.000000
   strip 1 time shift (left+right)/2 = 0.000000
   strip 2 time shift (left+right)/2 = 0.000000
   strip 3 time shift (left+right)/2 = 36.470703
   strip 4 time shift (left+right)/2 = 0.000000
   strip 5 time shift (left+right)/2 = 34.470703
   strip 6 time shift (left+right)/2 = 78.470703
   strip 7 time shift (left+right)/2 = 0.000000
   strip 8 time shift (left+right)/2 = 0.000000
   strip 9 time shift (left+right)/2 = -19.529297
   strip 10 time shift (left+right)/2 = 0.000000
   strip 11 time shift (left+right)/2 = -21.529297
   strip 12 time shift (left+right)/2 = -37.529297
   strip 13 time shift (left+right)/2 = 0.000000
   strip 14 time shift (left+right)/2 = 0.000000
   strip 15 time shift (left+right)/2 = 20.470703
   strip 16 time shift (left+right)/2 = -15.529297
   strip 17 time shift (left+right)/2 = -29.529297
   strip 18 time shift (left+right)/2 = -13.529297
   strip 19 time shift (left+right)/2 = -31.529297
   strip 20 time shift (left+right)/2 = 0.000000
   strip 21 time shift (left+right)/2 = 0.000000
   strip 22 time shift (left+right)/2 = 20.470703
   strip 23 time shift (left+right)/2 = 33.470703
   strip 24 time shift (left+right)/2 = 0.000000
   strip 25 time shift (left+right)/2 = 0.000000
   strip 26 time shift (left+right)/2 = 20.470703
   strip 27 time shift (left+right)/2 = 0.000000
   strip 28 time shift (left+right)/2 = -19.529297
   strip 29 time shift (left+right)/2 = -26.529297
   strip 30 time shift (left+right)/2 = -29.529297
   strip 31 time shift (left+right)/2 = 0.000000
**************** bmn_run479211_raw Chamber 30 primary equalization *******************************

Chamber #30 preliminary channel offsets (average is 2297.399902)
   strip 0 time shift (left+right)/2 = 0.000000
   strip 1 time shift (left+right)/2 = 0.000000
   strip 2 time shift (left+right)/2 = 0.000000
   strip 3 time shift (left+right)/2 = 0.000000
   strip 4 time shift (left+right)/2 = 0.000000
   strip 5 time shift (left+right)/2 = 0.000000
   strip 6 time shift (left+right)/2 = 0.000000
   strip 7 time shift (left+right)/2 = 0.000000
   strip 8 time shift (left+right)/2 = 0.000000
   strip 9 time shift (left+right)/2 = 61.600098
   strip 10 time shift (left+right)/2 = 0.000000
   strip 11 time shift (left+right)/2 = 0.000000
   strip 12 time shift (left+right)/2 = -32.399902
   strip 13 time shift (left+right)/2 = -40.399902
   strip 14 time shift (left+right)/2 = 0.000000
   strip 15 time shift (left+right)/2 = 5.600098
   strip 16 time shift (left+right)/2 = 5.600098
   strip 17 time shift (left+right)/2 = 0.000000
   strip 18 time shift (left+right)/2 = 0.000000
   strip 19 time shift (left+right)/2 = 0.000000
   strip 20 time shift (left+right)/2 = 0.000000
   strip 21 time shift (left+right)/2 = 0.000000
   strip 22 time shift (left+right)/2 = 0.000000
   strip 23 time shift (left+right)/2 = 0.000000
   strip 24 time shift (left+right)/2 = 0.000000
   strip 25 time shift (left+right)/2 = 0.000000
   strip 26 time shift (left+right)/2 = 0.000000
   strip 27 time shift (left+right)/2 = 0.000000
   strip 28 time shift (left+right)/2 = 0.000000
   strip 29 time shift (left+right)/2 = 0.000000
   strip 30 time shift (left+right)/2 = 0.000000
   strip 31 time shift (left+right)/2 = 0.000000
**************** bmn_run479211_raw Chamber 31 primary equalization *******************************

Chamber #31 preliminary channel offsets (average is 5471.370605)
   strip 0 time shift (left+right)/2 = 0.000000
   strip 1 time shift (left+right)/2 = 15.629395
   strip 2 time shift (left+right)/2 = 0.000000
   strip 3 time shift (left+right)/2 = 45.629395
   strip 4 time shift (left+right)/2 = 21.629395
   strip 5 time shift (left+right)/2 = -38.370605
   strip 6 time shift (left+right)/2 = -30.370605
   strip 7 time shift (left+right)/2 = 0.000000
   strip 8 time shift (left+right)/2 = -34.370605
   strip 9 time shift (left+right)/2 = 15.629395
   strip 10 time shift (left+right)/2 = 3.962891
   strip 11 time shift (left+right)/2 = -34.370605
   strip 12 time shift (left+right)/2 = -0.370605
   strip 13 time shift (left+right)/2 = 0.000000
   strip 14 time shift (left+right)/2 = 8.629395
   strip 15 time shift (left+right)/2 = -6.370605
   strip 16 time shift (left+right)/2 = 3.629395
   strip 17 time shift (left+right)/2 = 27.629395
   strip 18 time shift (left+right)/2 = 15.629395
   strip 19 time shift (left+right)/2 = 17.629395
   strip 20 time shift (left+right)/2 = -20.370605
   strip 21 time shift (left+right)/2 = -8.370605
   strip 22 time shift (left+right)/2 = 25.629395
   strip 23 time shift (left+right)/2 = -8.370605
   strip 24 time shift (left+right)/2 = 7.629395
   strip 25 time shift (left+right)/2 = 36.629395
   strip 26 time shift (left+right)/2 = 0.000000
   strip 27 time shift (left+right)/2 = -3.370605
   strip 28 time shift (left+right)/2 = -10.370605
   strip 29 time shift (left+right)/2 = -40.370605
   strip 30 time shift (left+right)/2 = 15.629395
   strip 31 time shift (left+right)/2 = -25.704102
**************** bmn_run479211_raw Chamber 32 primary equalization *******************************

Chamber #32 preliminary channel offsets (average is 9946.253906)
   strip 0 time shift (left+right)/2 = 0.000000
   strip 1 time shift (left+right)/2 = 8.746094
   strip 2 time shift (left+right)/2 = 32.746094
   strip 3 time shift (left+right)/2 = -23.253906
   strip 4 time shift (left+right)/2 = 0.000000
   strip 5 time shift (left+right)/2 = -11.253906
   strip 6 time shift (left+right)/2 = -5.920898
   strip 7 time shift (left+right)/2 = -22.253906
   strip 8 time shift (left+right)/2 = 31.746094
   strip 9 time shift (left+right)/2 = -2.253906
   strip 10 time shift (left+right)/2 = 5.413086
   strip 11 time shift (left+right)/2 = 26.746094
   strip 12 time shift (left+right)/2 = -22.253906
   strip 13 time shift (left+right)/2 = -13.253906
   strip 14 time shift (left+right)/2 = -7.654297
   strip 15 time shift (left+right)/2 = -23.253906
   strip 16 time shift (left+right)/2 = 0.000000
   strip 17 time shift (left+right)/2 = 38.746094
   strip 18 time shift (left+right)/2 = 0.000000
   strip 19 time shift (left+right)/2 = 0.000000
   strip 20 time shift (left+right)/2 = -11.253906
   strip 21 time shift (left+right)/2 = 0.000000
   strip 22 time shift (left+right)/2 = -25.253906
   strip 23 time shift (left+right)/2 = 0.000000
   strip 24 time shift (left+right)/2 = -13.253906
   strip 25 time shift (left+right)/2 = 0.000000
   strip 26 time shift (left+right)/2 = 0.000000
   strip 27 time shift (left+right)/2 = 28.746094
   strip 28 time shift (left+right)/2 = 0.000000
   strip 29 time shift (left+right)/2 = -23.253906
   strip 30 time shift (left+right)/2 = 36.746094
   strip 31 time shift (left+right)/2 = -5.253906
**************** bmn_run479211_raw Chamber 33 primary equalization *******************************

Chamber #33 preliminary channel offsets (average is 8361.250000)
   strip 0 time shift (left+right)/2 = 0.000000
   strip 1 time shift (left+right)/2 = -26.250000
   strip 2 time shift (left+right)/2 = -44.250000
   strip 3 time shift (left+right)/2 = -20.250000
   strip 4 time shift (left+right)/2 = 0.000000
   strip 5 time shift (left+right)/2 = 0.000000
   strip 6 time shift (left+right)/2 = -6.250000
   strip 7 time shift (left+right)/2 = 27.750000
   strip 8 time shift (left+right)/2 = 13.750000
   strip 9 time shift (left+right)/2 = -4.250000
   strip 10 time shift (left+right)/2 = 0.000000
   strip 11 time shift (left+right)/2 = 0.000000
   strip 12 time shift (left+right)/2 = 0.000000
   strip 13 time shift (left+right)/2 = 9.750000
   strip 14 time shift (left+right)/2 = 0.000000
   strip 15 time shift (left+right)/2 = 0.000000
   strip 16 time shift (left+right)/2 = 27.750000
   strip 17 time shift (left+right)/2 = 0.000000
   strip 18 time shift (left+right)/2 = 0.000000
   strip 19 time shift (left+right)/2 = 0.000000
   strip 20 time shift (left+right)/2 = 0.000000
   strip 21 time shift (left+right)/2 = 57.750000
   strip 22 time shift (left+right)/2 = 0.000000
   strip 23 time shift (left+right)/2 = 0.000000
   strip 24 time shift (left+right)/2 = 0.000000
   strip 25 time shift (left+right)/2 = 0.000000
   strip 26 time shift (left+right)/2 = -10.250000
   strip 27 time shift (left+right)/2 = -36.250000
   strip 28 time shift (left+right)/2 = -18.250000
   strip 29 time shift (left+right)/2 = 39.750000
   strip 30 time shift (left+right)/2 = -24.250000
   strip 31 time shift (left+right)/2 = 13.750000
**************** bmn_run479211_raw Chamber 34 primary equalization *******************************

Chamber #34 preliminary channel offsets (average is 3952.909180)
   strip 0 time shift (left+right)/2 = 0.000000
   strip 1 time shift (left+right)/2 = 0.000000
   strip 2 time shift (left+right)/2 = 0.000000
   strip 3 time shift (left+right)/2 = -37.909180
   strip 4 time shift (left+right)/2 = -8.909180
   strip 5 time shift (left+right)/2 = 0.000000
   strip 6 time shift (left+right)/2 = 24.090820
   strip 7 time shift (left+right)/2 = 0.000000
   strip 8 time shift (left+right)/2 = 0.000000
   strip 9 time shift (left+right)/2 = -3.909180
   strip 10 time shift (left+right)/2 = 0.000000
   strip 11 time shift (left+right)/2 = 0.000000
   strip 12 time shift (left+right)/2 = -23.909180
   strip 13 time shift (left+right)/2 = 0.000000
   strip 14 time shift (left+right)/2 = 0.000000
   strip 15 time shift (left+right)/2 = 18.090820
   strip 16 time shift (left+right)/2 = 0.000000
   strip 17 time shift (left+right)/2 = 10.090820
   strip 18 time shift (left+right)/2 = 0.000000
   strip 19 time shift (left+right)/2 = 0.000000
   strip 20 time shift (left+right)/2 = -47.909180
   strip 21 time shift (left+right)/2 = 0.000000
   strip 22 time shift (left+right)/2 = 50.090820
   strip 23 time shift (left+right)/2 = 44.090820
   strip 24 time shift (left+right)/2 = 0.000000
   strip 25 time shift (left+right)/2 = 0.000000
   strip 26 time shift (left+right)/2 = 0.000000
   strip 27 time shift (left+right)/2 = 0.000000
   strip 28 time shift (left+right)/2 = 0.000000
   strip 29 time shift (left+right)/2 = 0.000000
   strip 30 time shift (left+right)/2 = 0.000000
   strip 31 time shift (left+right)/2 = -23.909180
**************** bmn_run479211_raw Chamber 35 primary equalization *******************************

Chamber #35 preliminary channel offsets (average is 2382.666748)
   strip 0 time shift (left+right)/2 = 0.000000
   strip 1 time shift (left+right)/2 = 0.000000
   strip 2 time shift (left+right)/2 = 0.000000
   strip 3 time shift (left+right)/2 = 0.000000
   strip 4 time shift (left+right)/2 = 0.000000
   strip 5 time shift (left+right)/2 = 0.000000
   strip 6 time shift (left+right)/2 = 0.000000
   strip 7 time shift (left+right)/2 = 0.000000
   strip 8 time shift (left+right)/2 = 0.000000
   strip 9 time shift (left+right)/2 = 0.000000
   strip 10 time shift (left+right)/2 = 14.333252
   strip 11 time shift (left+right)/2 = 32.333252
   strip 12 time shift (left+right)/2 = 2.333252
   strip 13 time shift (left+right)/2 = 4.333252
   strip 14 time shift (left+right)/2 = -22.666748
   strip 15 time shift (left+right)/2 = -25.666748
   strip 16 time shift (left+right)/2 = 0.000000
   strip 17 time shift (left+right)/2 = 0.000000
   strip 18 time shift (left+right)/2 = 0.000000
   strip 19 time shift (left+right)/2 = 0.000000
   strip 20 time shift (left+right)/2 = 0.000000
   strip 21 time shift (left+right)/2 = 2.333252
   strip 22 time shift (left+right)/2 = 0.000000
   strip 23 time shift (left+right)/2 = -1.666748
   strip 24 time shift (left+right)/2 = -51.666748
   strip 25 time shift (left+right)/2 = -0.666748
   strip 26 time shift (left+right)/2 = -1.666748
   strip 27 time shift (left+right)/2 = 0.000000
   strip 28 time shift (left+right)/2 = 0.000000
   strip 29 time shift (left+right)/2 = 0.000000
   strip 30 time shift (left+right)/2 = 0.000000
   strip 31 time shift (left+right)/2 = 48.333252
**************** bmn_run479211_raw Chamber 36 primary equalization *******************************

Chamber #36 preliminary channel offsets (average is 5046.259277)
   strip 0 time shift (left+right)/2 = 0.000000
   strip 1 time shift (left+right)/2 = 0.000000
   strip 2 time shift (left+right)/2 = 0.000000
   strip 3 time shift (left+right)/2 = 2.740723
   strip 4 time shift (left+right)/2 = -3.259277
   strip 5 time shift (left+right)/2 = 0.000000
   strip 6 time shift (left+right)/2 = 0.000000
   strip 7 time shift (left+right)/2 = 0.000000
   strip 8 time shift (left+right)/2 = 0.000000
   strip 9 time shift (left+right)/2 = 0.000000
   strip 10 time shift (left+right)/2 = 0.000000
   strip 11 time shift (left+right)/2 = -15.259277
   strip 12 time shift (left+right)/2 = -25.259277
   strip 13 time shift (left+right)/2 = 0.000000
   strip 14 time shift (left+right)/2 = 0.000000
   strip 15 time shift (left+right)/2 = 0.000000
   strip 16 time shift (left+right)/2 = 0.000000
   strip 17 time shift (left+right)/2 = 0.000000
   strip 18 time shift (left+right)/2 = 0.000000
   strip 19 time shift (left+right)/2 = 0.000000
   strip 20 time shift (left+right)/2 = -31.259277
   strip 21 time shift (left+right)/2 = 0.000000
   strip 22 time shift (left+right)/2 = 12.740723
   strip 23 time shift (left+right)/2 = 0.000000
   strip 24 time shift (left+right)/2 = 0.000000
   strip 25 time shift (left+right)/2 = 0.000000
   strip 26 time shift (left+right)/2 = 22.740723
   strip 27 time shift (left+right)/2 = 0.000000
   strip 28 time shift (left+right)/2 = 10.740723
   strip 29 time shift (left+right)/2 = 0.000000
   strip 30 time shift (left+right)/2 = 0.000000
   strip 31 time shift (left+right)/2 = 26.074219
**************** bmn_run479211_raw Chamber 37 primary equalization *******************************

Chamber #37 preliminary channel offsets (average is 8762.622070)
   strip 0 time shift (left+right)/2 = 0.000000
   strip 1 time shift (left+right)/2 = 22.377930
   strip 2 time shift (left+right)/2 = -32.289062
   strip 3 time shift (left+right)/2 = 48.377930
   strip 4 time shift (left+right)/2 = 48.127930
   strip 5 time shift (left+right)/2 = -21.622070
   strip 6 time shift (left+right)/2 = -34.022461
   strip 7 time shift (left+right)/2 = -46.622070
   strip 8 time shift (left+right)/2 = 9.578125
   strip 9 time shift (left+right)/2 = -31.622070
   strip 10 time shift (left+right)/2 = 20.252930
   strip 11 time shift (left+right)/2 = -31.622070
   strip 12 time shift (left+right)/2 = 12.627930
   strip 13 time shift (left+right)/2 = -5.221680
   strip 14 time shift (left+right)/2 = -4.155273
   strip 15 time shift (left+right)/2 = 20.044922
   strip 16 time shift (left+right)/2 = -11.622070
   strip 17 time shift (left+right)/2 = 28.377930
   strip 18 time shift (left+right)/2 = 0.377930
   strip 19 time shift (left+right)/2 = 4.377930
   strip 20 time shift (left+right)/2 = -47.622070
   strip 21 time shift (left+right)/2 = 0.000000
   strip 22 time shift (left+right)/2 = 0.000000
   strip 23 time shift (left+right)/2 = 0.000000
   strip 24 time shift (left+right)/2 = 18.377930
   strip 25 time shift (left+right)/2 = 0.377930
   strip 26 time shift (left+right)/2 = 0.000000
   strip 27 time shift (left+right)/2 = 0.000000
   strip 28 time shift (left+right)/2 = 0.000000
   strip 29 time shift (left+right)/2 = 60.377930
   strip 30 time shift (left+right)/2 = 12.377930
   strip 31 time shift (left+right)/2 = -39.622070
**************** bmn_run479211_raw Chamber 38 primary equalization *******************************

Chamber #38 preliminary channel offsets (average is 660.142883)
   strip 0 time shift (left+right)/2 = 0.000000
   strip 1 time shift (left+right)/2 = 0.000000
   strip 2 time shift (left+right)/2 = 0.000000
   strip 3 time shift (left+right)/2 = -33.142883
   strip 4 time shift (left+right)/2 = 0.857117
   strip 5 time shift (left+right)/2 = 12.857117
   strip 6 time shift (left+right)/2 = 0.000000
   strip 7 time shift (left+right)/2 = 0.000000
   strip 8 time shift (left+right)/2 = 12.857117
   strip 9 time shift (left+right)/2 = 38.857117
   strip 10 time shift (left+right)/2 = 0.000000
   strip 11 time shift (left+right)/2 = -23.142883
   strip 12 time shift (left+right)/2 = 24.857117
   strip 13 time shift (left+right)/2 = 12.857117
   strip 14 time shift (left+right)/2 = 0.000000
   strip 15 time shift (left+right)/2 = 0.000000
   strip 16 time shift (left+right)/2 = 0.000000
   strip 17 time shift (left+right)/2 = 0.000000
   strip 18 time shift (left+right)/2 = 0.000000
   strip 19 time shift (left+right)/2 = 0.000000
   strip 20 time shift (left+right)/2 = -21.142883
   strip 21 time shift (left+right)/2 = -21.142883
   strip 22 time shift (left+right)/2 = 0.000000
   strip 23 time shift (left+right)/2 = -31.142883
   strip 24 time shift (left+right)/2 = 0.000000
   strip 25 time shift (left+right)/2 = 0.000000
   strip 26 time shift (left+right)/2 = 0.000000
   strip 27 time shift (left+right)/2 = 0.000000
   strip 28 time shift (left+right)/2 = 0.000000
   strip 29 time shift (left+right)/2 = 24.857117
   strip 30 time shift (left+right)/2 = 12.857117
   strip 31 time shift (left+right)/2 = -11.142883
**************** bmn_run479211_raw Chamber 39 primary equalization *******************************

Chamber #39 preliminary channel offsets (average is 104.538460)
   strip 0 time shift (left+right)/2 = 0.000000
   strip 1 time shift (left+right)/2 = 0.000000
   strip 2 time shift (left+right)/2 = 0.000000
   strip 3 time shift (left+right)/2 = 0.000000
   strip 4 time shift (left+right)/2 = 0.000000
   strip 5 time shift (left+right)/2 = 0.000000
   strip 6 time shift (left+right)/2 = 40.461540
   strip 7 time shift (left+right)/2 = 0.000000
   strip 8 time shift (left+right)/2 = 0.000000
   strip 9 time shift (left+right)/2 = 0.000000
   strip 10 time shift (left+right)/2 = 0.000000
   strip 11 time shift (left+right)/2 = 0.000000
   strip 12 time shift (left+right)/2 = 0.000000
   strip 13 time shift (left+right)/2 = 0.000000
   strip 14 time shift (left+right)/2 = -15.538460
   strip 15 time shift (left+right)/2 = 50.461540
   strip 16 time shift (left+right)/2 = -7.538460
   strip 17 time shift (left+right)/2 = -9.538460
   strip 18 time shift (left+right)/2 = -3.538460
   strip 19 time shift (left+right)/2 = 0.000000
   strip 20 time shift (left+right)/2 = 0.000000
   strip 21 time shift (left+right)/2 = 0.000000
   strip 22 time shift (left+right)/2 = -7.538460
   strip 23 time shift (left+right)/2 = -29.538460
   strip 24 time shift (left+right)/2 = 0.000000
   strip 25 time shift (left+right)/2 = 0.000000
   strip 26 time shift (left+right)/2 = -9.538460
   strip 27 time shift (left+right)/2 = -23.538460
   strip 28 time shift (left+right)/2 = 3.461540
   strip 29 time shift (left+right)/2 = 0.000000
   strip 30 time shift (left+right)/2 = 18.461540
   strip 31 time shift (left+right)/2 = -6.538460
**************** bmn_run479211_raw Chamber 40 primary equalization *******************************

Chamber #40 preliminary channel offsets (average is 1850.000000)
   strip 0 time shift (left+right)/2 = 0.000000
   strip 1 time shift (left+right)/2 = 35.000000
   strip 2 time shift (left+right)/2 = 0.000000
   strip 3 time shift (left+right)/2 = 0.000000
   strip 4 time shift (left+right)/2 = -11.000000
   strip 5 time shift (left+right)/2 = 0.000000
   strip 6 time shift (left+right)/2 = 15.000000
   strip 7 time shift (left+right)/2 = 0.000000
   strip 8 time shift (left+right)/2 = 0.000000
   strip 9 time shift (left+right)/2 = 0.000000
   strip 10 time shift (left+right)/2 = 0.000000
   strip 11 time shift (left+right)/2 = 45.000000
   strip 12 time shift (left+right)/2 = 0.000000
   strip 13 time shift (left+right)/2 = 0.000000
   strip 14 time shift (left+right)/2 = -39.000000
   strip 15 time shift (left+right)/2 = 7.000000
   strip 16 time shift (left+right)/2 = 7.000000
   strip 17 time shift (left+right)/2 = -49.000000
   strip 18 time shift (left+right)/2 = 0.000000
   strip 19 time shift (left+right)/2 = 0.000000
   strip 20 time shift (left+right)/2 = 0.000000
   strip 21 time shift (left+right)/2 = 0.000000
   strip 22 time shift (left+right)/2 = 0.000000
   strip 23 time shift (left+right)/2 = 0.000000
   strip 24 time shift (left+right)/2 = 0.000000
   strip 25 time shift (left+right)/2 = 0.000000
   strip 26 time shift (left+right)/2 = 0.000000
   strip 27 time shift (left+right)/2 = 0.000000
   strip 28 time shift (left+right)/2 = 0.000000
   strip 29 time shift (left+right)/2 = 0.000000
   strip 30 time shift (left+right)/2 = 7.000000
   strip 31 time shift (left+right)/2 = -17.000000
**************** bmn_run479211_raw Chamber 41 primary equalization *******************************

Chamber #41 preliminary channel offsets (average is 3922.800049)
   strip 0 time shift (left+right)/2 = 0.000000
   strip 1 time shift (left+right)/2 = 0.000000
   strip 2 time shift (left+right)/2 = -3.800049
   strip 3 time shift (left+right)/2 = 0.000000
   strip 4 time shift (left+right)/2 = 0.000000
   strip 5 time shift (left+right)/2 = 0.000000
   strip 6 time shift (left+right)/2 = 0.000000
   strip 7 time shift (left+right)/2 = 0.000000
   strip 8 time shift (left+right)/2 = 0.000000
   strip 9 time shift (left+right)/2 = 0.000000
   strip 10 time shift (left+right)/2 = 0.000000
   strip 11 time shift (left+right)/2 = 28.199951
   strip 12 time shift (left+right)/2 = 0.000000
   strip 13 time shift (left+right)/2 = 26.199951
   strip 14 time shift (left+right)/2 = -5.800049
   strip 15 time shift (left+right)/2 = 0.000000
   strip 16 time shift (left+right)/2 = 0.000000
   strip 17 time shift (left+right)/2 = 42.199951
   strip 18 time shift (left+right)/2 = -39.800049
   strip 19 time shift (left+right)/2 = -27.800049
   strip 20 time shift (left+right)/2 = 0.000000
   strip 21 time shift (left+right)/2 = -49.800049
   strip 22 time shift (left+right)/2 = 0.000000
   strip 23 time shift (left+right)/2 = 0.000000
   strip 24 time shift (left+right)/2 = 0.000000
   strip 25 time shift (left+right)/2 = 0.000000
   strip 26 time shift (left+right)/2 = 0.000000
   strip 27 time shift (left+right)/2 = 0.000000
   strip 28 time shift (left+right)/2 = 0.000000
   strip 29 time shift (left+right)/2 = 0.000000
   strip 30 time shift (left+right)/2 = 36.199951
   strip 31 time shift (left+right)/2 = -5.800049
**************** bmn_run479211_raw Chamber 42 primary equalization *******************************

Chamber #42 preliminary channel offsets (average is 2909.571533)
   strip 0 time shift (left+right)/2 = 0.000000
   strip 1 time shift (left+right)/2 = 0.000000
   strip 2 time shift (left+right)/2 = 0.000000
   strip 3 time shift (left+right)/2 = 0.000000
   strip 4 time shift (left+right)/2 = 0.000000
   strip 5 time shift (left+right)/2 = -0.571533
   strip 6 time shift (left+right)/2 = -8.571533
   strip 7 time shift (left+right)/2 = 0.000000
   strip 8 time shift (left+right)/2 = 0.000000
   strip 9 time shift (left+right)/2 = 0.000000
   strip 10 time shift (left+right)/2 = 0.000000
   strip 11 time shift (left+right)/2 = 0.000000
   strip 12 time shift (left+right)/2 = 0.000000
   strip 13 time shift (left+right)/2 = 0.000000
   strip 14 time shift (left+right)/2 = 0.000000
   strip 15 time shift (left+right)/2 = -0.571533
   strip 16 time shift (left+right)/2 = -12.571533
   strip 17 time shift (left+right)/2 = -4.571533
   strip 18 time shift (left+right)/2 = -4.571533
   strip 19 time shift (left+right)/2 = 0.000000
   strip 20 time shift (left+right)/2 = 0.000000
   strip 21 time shift (left+right)/2 = -0.571533
   strip 22 time shift (left+right)/2 = 0.000000
   strip 23 time shift (left+right)/2 = -28.571533
   strip 24 time shift (left+right)/2 = 53.428467
   strip 25 time shift (left+right)/2 = 33.428467
   strip 26 time shift (left+right)/2 = 11.428467
   strip 27 time shift (left+right)/2 = -0.571533
   strip 28 time shift (left+right)/2 = 0.000000
   strip 29 time shift (left+right)/2 = 0.000000
   strip 30 time shift (left+right)/2 = -40.571533
   strip 31 time shift (left+right)/2 = 3.428467
**************** bmn_run479211_raw Chamber 43 primary equalization *******************************

Chamber #43 preliminary channel offsets (average is 9324.513672)
   strip 0 time shift (left+right)/2 = 10.041992
   strip 1 time shift (left+right)/2 = -3.513672
   strip 2 time shift (left+right)/2 = 65.153320
   strip 3 time shift (left+right)/2 = -22.180664
   strip 4 time shift (left+right)/2 = -40.846680
   strip 5 time shift (left+right)/2 = -19.513672
   strip 6 time shift (left+right)/2 = 14.486328
   strip 7 time shift (left+right)/2 = -7.513672
   strip 8 time shift (left+right)/2 = -25.513672
   strip 9 time shift (left+right)/2 = -19.513672
   strip 10 time shift (left+right)/2 = 22.486328
   strip 11 time shift (left+right)/2 = -37.513672
   strip 12 time shift (left+right)/2 = -45.513672
   strip 13 time shift (left+right)/2 = 36.486328
   strip 14 time shift (left+right)/2 = 42.486328
   strip 15 time shift (left+right)/2 = 30.486328
**************** bmn_run479211_raw Chamber 44 primary equalization *******************************

Chamber #44 preliminary channel offsets (average is 6176.848633)
   strip 0 time shift (left+right)/2 = 5.008301
   strip 1 time shift (left+right)/2 = 80.151367
   strip 2 time shift (left+right)/2 = 29.351562
   strip 3 time shift (left+right)/2 = -17.848633
   strip 4 time shift (left+right)/2 = -18.848633
   strip 5 time shift (left+right)/2 = -25.848633
   strip 6 time shift (left+right)/2 = -13.848633
   strip 7 time shift (left+right)/2 = 8.151367
   strip 8 time shift (left+right)/2 = -23.848633
   strip 9 time shift (left+right)/2 = -15.848633
   strip 10 time shift (left+right)/2 = 20.151367
   strip 11 time shift (left+right)/2 = 14.151367
   strip 12 time shift (left+right)/2 = 0.000000
   strip 13 time shift (left+right)/2 = 2.151367
   strip 14 time shift (left+right)/2 = -23.848633
   strip 15 time shift (left+right)/2 = -19.182129
**************** bmn_run479211_raw Chamber 45 primary equalization *******************************

Chamber #45 preliminary channel offsets (average is 6995.954590)
   strip 0 time shift (left+right)/2 = 27.992676
   strip 1 time shift (left+right)/2 = 29.045410
   strip 2 time shift (left+right)/2 = -21.621094
   strip 3 time shift (left+right)/2 = -18.954590
   strip 4 time shift (left+right)/2 = 11.445312
   strip 5 time shift (left+right)/2 = -13.954590
   strip 6 time shift (left+right)/2 = -20.954590
   strip 7 time shift (left+right)/2 = 43.045410
   strip 8 time shift (left+right)/2 = -26.954590
   strip 9 time shift (left+right)/2 = 7.045410
   strip 10 time shift (left+right)/2 = -22.954590
   strip 11 time shift (left+right)/2 = -6.954590
   strip 12 time shift (left+right)/2 = 66.474121
   strip 13 time shift (left+right)/2 = -24.954590
   strip 14 time shift (left+right)/2 = -9.454590
   strip 15 time shift (left+right)/2 = -18.288086
**************** bmn_run479211_raw Chamber 46 primary equalization *******************************

Chamber #46 preliminary channel offsets (average is 8959.866211)
   strip 0 time shift (left+right)/2 = 0.000000
   strip 1 time shift (left+right)/2 = -22.866211
   strip 2 time shift (left+right)/2 = -2.866211
   strip 3 time shift (left+right)/2 = -30.866211
   strip 4 time shift (left+right)/2 = -25.866211
   strip 5 time shift (left+right)/2 = 31.133789
   strip 6 time shift (left+right)/2 = 27.133789
   strip 7 time shift (left+right)/2 = -30.866211
   strip 8 time shift (left+right)/2 = -22.866211
   strip 9 time shift (left+right)/2 = -26.866211
   strip 10 time shift (left+right)/2 = 31.133789
   strip 11 time shift (left+right)/2 = -26.866211
   strip 12 time shift (left+right)/2 = 39.133789
   strip 13 time shift (left+right)/2 = -28.866211
   strip 14 time shift (left+right)/2 = 27.133789
   strip 15 time shift (left+right)/2 = 63.133789
**************** bmn_run479211_raw Chamber 47 primary equalization *******************************

Chamber #47 preliminary channel offsets (average is 558.285706)
   strip 0 time shift (left+right)/2 = 0.000000
   strip 1 time shift (left+right)/2 = -13.285706
   strip 2 time shift (left+right)/2 = -9.285706
   strip 3 time shift (left+right)/2 = -31.285706
   strip 4 time shift (left+right)/2 = 18.714294
   strip 5 time shift (left+right)/2 = 30.714294
   strip 6 time shift (left+right)/2 = 26.714294
   strip 7 time shift (left+right)/2 = 0.000000
   strip 8 time shift (left+right)/2 = -7.285706
   strip 9 time shift (left+right)/2 = -29.285706
   strip 10 time shift (left+right)/2 = -17.285706
   strip 11 time shift (left+right)/2 = 48.714294
   strip 12 time shift (left+right)/2 = 26.714294
   strip 13 time shift (left+right)/2 = 4.714294
   strip 14 time shift (left+right)/2 = -27.285706
   strip 15 time shift (left+right)/2 = -21.285706
**************** bmn_run479211_raw Chamber 48 primary equalization *******************************

Chamber #48 preliminary channel offsets (average is 1826.946411)
   strip 0 time shift (left+right)/2 = -45.946411
   strip 1 time shift (left+right)/2 = 2.053589
   strip 2 time shift (left+right)/2 = 12.053589
   strip 3 time shift (left+right)/2 = 6.053589
   strip 4 time shift (left+right)/2 = -43.946411
   strip 5 time shift (left+right)/2 = 0.000000
   strip 6 time shift (left+right)/2 = 56.053589
   strip 7 time shift (left+right)/2 = -21.946411
   strip 8 time shift (left+right)/2 = -17.946411
   strip 9 time shift (left+right)/2 = 66.053589
   strip 10 time shift (left+right)/2 = -23.946411
   strip 11 time shift (left+right)/2 = -13.946411
   strip 12 time shift (left+right)/2 = -39.946411
   strip 13 time shift (left+right)/2 = 58.053589
   strip 14 time shift (left+right)/2 = 0.000000
   strip 15 time shift (left+right)/2 = 7.303589
**************** bmn_run479211_raw Chamber 49 primary equalization *******************************

Chamber #49 preliminary channel offsets (average is 9341.030273)
   strip 0 time shift (left+right)/2 = 0.000000
   strip 1 time shift (left+right)/2 = -0.030273
   strip 2 time shift (left+right)/2 = 0.000000
   strip 3 time shift (left+right)/2 = 18.969727
   strip 4 time shift (left+right)/2 = 13.863281
   strip 5 time shift (left+right)/2 = 4.769531
   strip 6 time shift (left+right)/2 = 0.000000
   strip 7 time shift (left+right)/2 = -42.030273
   strip 8 time shift (left+right)/2 = -29.629883
   strip 9 time shift (left+right)/2 = 11.969727
   strip 10 time shift (left+right)/2 = 33.969727
   strip 11 time shift (left+right)/2 = -4.030273
   strip 12 time shift (left+right)/2 = 12.176758
   strip 13 time shift (left+right)/2 = 24.030273
   strip 14 time shift (left+right)/2 = -44.030273
   strip 15 time shift (left+right)/2 = 0.000000
**************** bmn_run479211_raw Chamber 50 primary equalization *******************************

Chamber #50 preliminary channel offsets (average is 3528.575928)
   strip 0 time shift (left+right)/2 = -3.909180
   strip 1 time shift (left+right)/2 = 19.090820
   strip 2 time shift (left+right)/2 = 46.424072
   strip 3 time shift (left+right)/2 = 0.000000
   strip 4 time shift (left+right)/2 = 0.000000
   strip 5 time shift (left+right)/2 = 14.424072
   strip 6 time shift (left+right)/2 = 50.424072
   strip 7 time shift (left+right)/2 = 0.000000
   strip 8 time shift (left+right)/2 = -5.575928
   strip 9 time shift (left+right)/2 = -55.575928
   strip 10 time shift (left+right)/2 = 0.000000
   strip 11 time shift (left+right)/2 = 0.000000
   strip 12 time shift (left+right)/2 = -35.575928
   strip 13 time shift (left+right)/2 = -27.575928
   strip 14 time shift (left+right)/2 = 10.424072
   strip 15 time shift (left+right)/2 = -12.575928
**************** bmn_run479211_raw Chamber 51 primary equalization *******************************

Chamber #51 preliminary channel offsets (average is 8140.928223)
   strip 0 time shift (left+right)/2 = 0.000000
   strip 1 time shift (left+right)/2 = 0.000000
   strip 2 time shift (left+right)/2 = 0.000000
   strip 3 time shift (left+right)/2 = 0.000000
   strip 4 time shift (left+right)/2 = 35.214844
   strip 5 time shift (left+right)/2 = -11.928223
   strip 6 time shift (left+right)/2 = -5.928223
   strip 7 time shift (left+right)/2 = -17.928223
   strip 8 time shift (left+right)/2 = -19.928223
   strip 9 time shift (left+right)/2 = 66.071777
   strip 10 time shift (left+right)/2 = -1.928223
   strip 11 time shift (left+right)/2 = -7.928223
   strip 12 time shift (left+right)/2 = -19.928223
   strip 13 time shift (left+right)/2 = -5.928223
   strip 14 time shift (left+right)/2 = -5.928223
   strip 15 time shift (left+right)/2 = -3.928223
**************** bmn_run479211_raw Chamber 52 primary equalization *******************************

Chamber #52 preliminary channel offsets (average is 9464.203125)
   strip 0 time shift (left+right)/2 = 0.000000
   strip 1 time shift (left+right)/2 = 0.000000
   strip 2 time shift (left+right)/2 = 0.000000
   strip 3 time shift (left+right)/2 = 0.000000
   strip 4 time shift (left+right)/2 = 0.000000
   strip 5 time shift (left+right)/2 = 20.796875
   strip 6 time shift (left+right)/2 = 39.796875
   strip 7 time shift (left+right)/2 = 0.000000
   strip 8 time shift (left+right)/2 = 0.000000
   strip 9 time shift (left+right)/2 = 0.000000
   strip 10 time shift (left+right)/2 = 0.000000
   strip 11 time shift (left+right)/2 = -47.203125
   strip 12 time shift (left+right)/2 = 0.000000
   strip 13 time shift (left+right)/2 = 0.000000
   strip 14 time shift (left+right)/2 = 0.000000
   strip 15 time shift (left+right)/2 = 40.796875
   strip 16 time shift (left+right)/2 = -28.631836
   strip 17 time shift (left+right)/2 = 12.796875
   strip 18 time shift (left+right)/2 = 0.000000
   strip 19 time shift (left+right)/2 = 24.796875
   strip 20 time shift (left+right)/2 = 60.796875
   strip 21 time shift (left+right)/2 = 4.796875
   strip 22 time shift (left+right)/2 = -39.203125
   strip 23 time shift (left+right)/2 = 64.796875
   strip 24 time shift (left+right)/2 = 0.463867
   strip 25 time shift (left+right)/2 = 8.796875
   strip 26 time shift (left+right)/2 = -28.060547
   strip 27 time shift (left+right)/2 = -36.657227
   strip 28 time shift (left+right)/2 = -25.203125
   strip 29 time shift (left+right)/2 = -28.002930
   strip 30 time shift (left+right)/2 = -30.475586
   strip 31 time shift (left+right)/2 = -15.203125
**************** bmn_run479211_raw Chamber 53 primary equalization *******************************

Chamber #53 preliminary channel offsets (average is 7703.000000)
   strip 0 time shift (left+right)/2 = 0.000000
   strip 1 time shift (left+right)/2 = 0.000000
   strip 2 time shift (left+right)/2 = 0.000000
   strip 3 time shift (left+right)/2 = 0.000000
   strip 4 time shift (left+right)/2 = 0.000000
   strip 5 time shift (left+right)/2 = 0.000000
   strip 6 time shift (left+right)/2 = 0.000000
   strip 7 time shift (left+right)/2 = -32.000000
   strip 8 time shift (left+right)/2 = 0.000000
   strip 9 time shift (left+right)/2 = -14.000000
   strip 10 time shift (left+right)/2 = 0.000000
   strip 11 time shift (left+right)/2 = 0.000000
   strip 12 time shift (left+right)/2 = -2.000000
   strip 13 time shift (left+right)/2 = 0.000000
   strip 14 time shift (left+right)/2 = 0.000000
   strip 15 time shift (left+right)/2 = 16.000000
   strip 16 time shift (left+right)/2 = 0.000000
   strip 17 time shift (left+right)/2 = 0.000000
   strip 18 time shift (left+right)/2 = 0.000000
   strip 19 time shift (left+right)/2 = 0.000000
   strip 20 time shift (left+right)/2 = 74.000000
   strip 21 time shift (left+right)/2 = 64.000000
   strip 22 time shift (left+right)/2 = -28.000000
   strip 23 time shift (left+right)/2 = 8.000000
   strip 24 time shift (left+right)/2 = -18.000000
   strip 25 time shift (left+right)/2 = -12.000000
   strip 26 time shift (left+right)/2 = 12.000000
   strip 27 time shift (left+right)/2 = 0.000000
   strip 28 time shift (left+right)/2 = -32.000000
   strip 29 time shift (left+right)/2 = 0.000000
   strip 30 time shift (left+right)/2 = -30.000000
   strip 31 time shift (left+right)/2 = -6.000000
**************** bmn_run479211_raw Chamber 54 primary equalization *******************************

Chamber #54 preliminary channel offsets (average is 9668.975586)
   strip 0 time shift (left+right)/2 = 0.000000
   strip 1 time shift (left+right)/2 = 41.024414
   strip 2 time shift (left+right)/2 = -21.975586
   strip 3 time shift (left+right)/2 = -6.975586
   strip 4 time shift (left+right)/2 = 11.024414
   strip 5 time shift (left+right)/2 = 10.024414
   strip 6 time shift (left+right)/2 = 10.024414
   strip 7 time shift (left+right)/2 = 0.024414
   strip 8 time shift (left+right)/2 = -9.975586
   strip 9 time shift (left+right)/2 = 42.024414
   strip 10 time shift (left+right)/2 = 0.000000
   strip 11 time shift (left+right)/2 = -25.975586
   strip 12 time shift (left+right)/2 = -35.975586
   strip 13 time shift (left+right)/2 = 10.691406
   strip 14 time shift (left+right)/2 = -25.975586
   strip 15 time shift (left+right)/2 = 2.024414
**************** bmn_run479211_raw Chamber 55 primary equalization *******************************

Chamber #55 preliminary channel offsets (average is 1353.622314)
   strip 0 time shift (left+right)/2 = 0.000000
   strip 1 time shift (left+right)/2 = 25.377686
   strip 2 time shift (left+right)/2 = -20.622314
   strip 3 time shift (left+right)/2 = -30.622314
   strip 4 time shift (left+right)/2 = -26.622314
   strip 5 time shift (left+right)/2 = -23.622314
   strip 6 time shift (left+right)/2 = 25.377686
   strip 7 time shift (left+right)/2 = -32.622314
   strip 8 time shift (left+right)/2 = -8.622314
   strip 9 time shift (left+right)/2 = -4.622314
   strip 10 time shift (left+right)/2 = 18.377686
   strip 11 time shift (left+right)/2 = -12.622314
   strip 12 time shift (left+right)/2 = 83.377686
   strip 13 time shift (left+right)/2 = 28.711060
   strip 14 time shift (left+right)/2 = -32.622314
   strip 15 time shift (left+right)/2 = 11.377686
**************** bmn_run479211_raw Chamber 56 primary equalization *******************************

Chamber #56 preliminary channel offsets (average is 4019.894531)
   strip 0 time shift (left+right)/2 = 0.000000
   strip 1 time shift (left+right)/2 = 57.677002
   strip 2 time shift (left+right)/2 = 10.105469
   strip 3 time shift (left+right)/2 = 47.905518
   strip 4 time shift (left+right)/2 = -44.894531
   strip 5 time shift (left+right)/2 = -20.894531
   strip 6 time shift (left+right)/2 = 27.105469
   strip 7 time shift (left+right)/2 = -0.894531
   strip 8 time shift (left+right)/2 = 14.355469
   strip 9 time shift (left+right)/2 = -38.894531
   strip 10 time shift (left+right)/2 = -35.894531
   strip 11 time shift (left+right)/2 = -7.894531
   strip 12 time shift (left+right)/2 = -33.894531
   strip 13 time shift (left+right)/2 = 0.000000
   strip 14 time shift (left+right)/2 = 19.677002
   strip 15 time shift (left+right)/2 = 6.438721
**************** bmn_run479211_raw Chamber 57 primary equalization *******************************

Chamber #57 preliminary channel offsets (average is 3259.933350)
   strip 0 time shift (left+right)/2 = 0.000000
   strip 1 time shift (left+right)/2 = 33.066650
   strip 2 time shift (left+right)/2 = -2.933350
   strip 3 time shift (left+right)/2 = 15.066650
   strip 4 time shift (left+right)/2 = -20.933350
   strip 5 time shift (left+right)/2 = 33.066650
   strip 6 time shift (left+right)/2 = -22.933350
   strip 7 time shift (left+right)/2 = 39.066650
   strip 8 time shift (left+right)/2 = 19.066650
   strip 9 time shift (left+right)/2 = -18.933350
   strip 10 time shift (left+right)/2 = -18.933350
   strip 11 time shift (left+right)/2 = -8.933350
   strip 12 time shift (left+right)/2 = -10.933350
   strip 13 time shift (left+right)/2 = -6.933350
   strip 14 time shift (left+right)/2 = -6.933350
   strip 15 time shift (left+right)/2 = -20.933350
**************** bmn_run479211_raw Chamber 58 primary equalization *******************************

Chamber #58 preliminary channel offsets (average is 0.000000)
   strip 0 time shift (left+right)/2 = 0.000000
   strip 1 time shift (left+right)/2 = 0.000000
   strip 2 time shift (left+right)/2 = 0.000000
   strip 3 time shift (left+right)/2 = 0.000000
   strip 4 time shift (left+right)/2 = 0.000000
   strip 5 time shift (left+right)/2 = 0.000000
   strip 6 time shift (left+right)/2 = 0.000000
   strip 7 time shift (left+right)/2 = 0.000000
   strip 8 time shift (left+right)/2 = 0.000000
   strip 9 time shift (left+right)/2 = 0.000000
   strip 10 time shift (left+right)/2 = 0.000000
   strip 11 time shift (left+right)/2 = 0.000000
   strip 12 time shift (left+right)/2 = 0.000000
   strip 13 time shift (left+right)/2 = 0.000000
   strip 14 time shift (left+right)/2 = 0.000000
   strip 15 time shift (left+right)/2 = 0.000000
**************** bmn_run479211_raw Chamber 59 primary equalization *******************************

Chamber #59 preliminary channel offsets (average is 289.307678)
   strip 0 time shift (left+right)/2 = 0.000000
   strip 1 time shift (left+right)/2 = -20.307678
   strip 2 time shift (left+right)/2 = 5.692322
   strip 3 time shift (left+right)/2 = 45.692322
   strip 4 time shift (left+right)/2 = -34.307678
   strip 5 time shift (left+right)/2 = -18.307678
   strip 6 time shift (left+right)/2 = 5.692322
   strip 7 time shift (left+right)/2 = -14.307678
   strip 8 time shift (left+right)/2 = -38.307678
   strip 9 time shift (left+right)/2 = 57.692322
   strip 10 time shift (left+right)/2 = 0.000000
   strip 11 time shift (left+right)/2 = -12.307678
   strip 12 time shift (left+right)/2 = 6.692322
   strip 13 time shift (left+right)/2 = -4.307678
   strip 14 time shift (left+right)/2 = 0.000000
   strip 15 time shift (left+right)/2 = 20.692322
